build/outputs/logs/manifest-merger-debug-report.txt
-- Merging decision tree log ---
manifest
ADDED from src/main/AndroidManifest.xml:2:1-54:12
	package
		ADDED from src/main/AndroidManifest.xml:3:5-32
		INJECTED from src/main/AndroidManifest.xml
		INJECTED from src/main/AndroidManifest.xml
	android:versionName
		ADDED from src/main/AndroidManifest.xml:5:5-30
		INJECTED from src/main/AndroidManifest.xml
		INJECTED from src/main/AndroidManifest.xml
	android:versionCode
		ADDED from src/main/AndroidManifest.xml:4:5-28
		INJECTED from src/main/AndroidManifest.xml
		INJECTED from src/main/AndroidManifest.xml
	xmlns:android
		ADDED from src/main/AndroidManifest.xml:2:11-69
uses-sdk
ADDED from src/main/AndroidManifest.xml:7:5-9:41
MERGED from [com.android.support:support-v13:23.0.0] AndroidManifest.xml:20:5-44
MERGED from [com.android.support:support-v4:23.0.0] AndroidManifest.xml:20:5-43
	android:targetSdkVersion
		ADDED from src/main/AndroidManifest.xml:9:9-38
		INJECTED from src/main/AndroidManifest.xml
		INJECTED from src/main/AndroidManifest.xml
	android:minSdkVersion
		ADDED from src/main/AndroidManifest.xml:8:9-35
		INJECTED from src/main/AndroidManifest.xml
		INJECTED from src/main/AndroidManifest.xml
uses-permission#android.permission.CAMERA
ADDED from src/main/AndroidManifest.xml:11:5-65
	android:name
		ADDED from src/main/AndroidManifest.xml:11:22-62
uses-permission#android.permission.CAMERA_EXTENDED
ADDED from src/main/AndroidManifest.xml:12:5-74
	android:name
		ADDED from src/main/AndroidManifest.xml:12:22-71
uses-permission#android.permission.INTERNET
ADDED from src/main/AndroidManifest.xml:13:5-67
	android:name
		ADDED from src/main/AndroidManifest.xml:13:22-64
uses-permission#android.permission.WRITE_EXTERNAL_STORAGE
ADDED from src/main/AndroidManifest.xml:14:5-81
	android:name
		ADDED from src/main/AndroidManifest.xml:14:22-78
uses-permission#android.hardware.camera.autofocus
ADDED from src/main/AndroidManifest.xml:15:5-73
	android:name
		ADDED from src/main/AndroidManifest.xml:15:22-70
application
ADDED from src/main/AndroidManifest.xml:17:5-52:19
MERGED from [com.android.support:support-v13:23.0.0] AndroidManifest.xml:22:5-20
MERGED from [com.android.support:support-v4:23.0.0] AndroidManifest.xml:22:5-20
	android:label
		ADDED from src/main/AndroidManifest.xml:20:9-41
	android:allowBackup
		ADDED from src/main/AndroidManifest.xml:18:9-35
	android:icon
		ADDED from src/main/AndroidManifest.xml:19:9-43
	android:theme
		ADDED from src/main/AndroidManifest.xml:21:9-40
activity#com.catchoom.test.SplashScreenActivity
ADDED from src/main/AndroidManifest.xml:22:9-30:20
	android:label
		ADDED from src/main/AndroidManifest.xml:24:13-45
	android:name
		ADDED from src/main/AndroidManifest.xml:23:13-49
intent-filter#android.intent.action.MAIN+android.intent.category.LAUNCHER
ADDED from src/main/AndroidManifest.xml:25:13-29:29
action#android.intent.action.MAIN
ADDED from src/main/AndroidManifest.xml:26:17-69
	android:name
		ADDED from src/main/AndroidManifest.xml:26:25-66
category#android.intent.category.LAUNCHER
ADDED from src/main/AndroidManifest.xml:28:17-77
	android:name
		ADDED from src/main/AndroidManifest.xml:28:27-74
activity#com.catchoom.test.RecognitionFinderActivity
ADDED from src/main/AndroidManifest.xml:31:9-63
	android:name
		ADDED from src/main/AndroidManifest.xml:31:19-60
activity#com.catchoom.test.RecognitionSingleShotActivity
ADDED from src/main/AndroidManifest.xml:32:9-67
	android:name
		ADDED from src/main/AndroidManifest.xml:32:19-64
activity#com.catchoom.test.LaunchersActivity
ADDED from src/main/AndroidManifest.xml:33:9-55
	android:name
		ADDED from src/main/AndroidManifest.xml:33:19-52
activity#com.catchoom.test.HowToActivity
ADDED from src/main/AndroidManifest.xml:34:9-51
	android:name
		ADDED from src/main/AndroidManifest.xml:34:19-48
activity#com.catchoom.test.WebActivity
ADDED from src/main/AndroidManifest.xml:35:9-49
	android:name
		ADDED from src/main/AndroidManifest.xml:35:19-46
activity#com.catchoom.test.ScreenSlideActivity
ADDED from src/main/AndroidManifest.xml:36:9-57
	android:name
		ADDED from src/main/AndroidManifest.xml:36:19-54
activity#com.catchoom.test.HowtoAcvtivity
ADDED from src/main/AndroidManifest.xml:37:9-39:70
	android:label
		ADDED from src/main/AndroidManifest.xml:39:13-67
	android:name
		ADDED from src/main/AndroidManifest.xml:38:13-43
activity#com.catchoom.test.HowtofinderActivity
ADDED from src/main/AndroidManifest.xml:40:9-42:66
	android:label
		ADDED from src/main/AndroidManifest.xml:42:13-63
	android:name
		ADDED from src/main/AndroidManifest.xml:41:13-48
activity#com.catchoom.test.HowtoActivity
ADDED from src/main/AndroidManifest.xml:43:9-45:60
	android:label
		ADDED from src/main/AndroidManifest.xml:45:13-57
	android:name
		ADDED from src/main/AndroidManifest.xml:44:13-42
activity#com.catchoom.test.HowtoOnlyRecognitionActivity
ADDED from src/main/AndroidManifest.xml:46:9-48:77
	android:label
		ADDED from src/main/AndroidManifest.xml:48:13-74
	android:name
		ADDED from src/main/AndroidManifest.xml:47:13-57
activity#com.catchoom.test.HowtoFragmentActivity
ADDED from src/main/AndroidManifest.xml:49:9-51:78
	android:label
		ADDED from src/main/AndroidManifest.xml:51:13-66
	android:name
		ADDED from src/main/AndroidManifest.xml:50:13-50